[www.helenaveenvantoen.nl/index.html]
[assets.squarespace.com/universal/default-favicon.ico]
[assets.squarespace.com/@sqs/polyfiller/1.6/legacy.js]
[assets.squarespace.com/@sqs/polyfiller/1.6/modern.js]
[www.helenaveenvantoen.nl/homea409]
[static1.squarespace.com/static/sitecss/5d43f94f93ac690001e770a7/80/55f0aac0e4b0f0a5b7e0b22e/5d5bdf309eddbd00017f4cb4/354/site.css]
[www.helenaveenvantoen.nl/search.html]
[www.helenaveenvantoen.nl/new-page-1.html]
[www.helenaveenvantoen.nl/oorlog-1.html]
[www.helenaveenvantoen.nl/page1-3.html]
[www.helenaveenvantoen.nl/new-page-3.html]
[www.helenaveenvantoen.nl/turfgraven.html]
[www.helenaveenvantoen.nl/page1-1.html]
[www.helenaveenvantoen.nl/fotos-1.html]
[www.helenaveenvantoen.nl/page1.html]
[www.helenaveenvantoen.nl/laatste_bijdragen_wijzigingen.html]
[images.squarespace-cdn.com/content/v1/5d43f94f93ac690001e770a7/1635708788027-6QVL3BJHV99TWX5PFKHU/kop+startpagina+2.jpg]
[static1.squarespace.com/static/ta/55f0a9b0e4b0f3eb70352f6d/354/scripts/site-bundle.js]
[www.helenaveenvantoen.nl/index.html]
[images.squarespace-cdn.com/index.html]
[static1.squarespace.com/static/sitecss/5d43f94f93ac690001e770a7/80/55f0aac0e4b0f0a5b7e0b22e/5d5bdf309eddbd00017f4cb4/354/site.css]
[www.helenaveenvantoen.nl/assets/ui-icons.svg]
[www.helenaveenvantoen.nl/search.html]
[wombat-duck-p7st.squarespace.com/laatste_bijdragen_wijzigingen.html]
[www.helenaveenvantoen.nl/inleiding.html]
[www.helenaveenvantoen.nl/colofon.html]
[www.helenaveenvantoen.nl/carp-slavernij.html]
[www.helenaveenvantoen.nl/herdenking-80-jaar-bevrijding.html]
[www.helenaveenvantoen.nl/grond_van_bestaan.html]
[www.helenaveenvantoen.nl/janske_pardoel.html]
[www.helenaveenvantoen.nl/pierre-kartner-vader-abraham-overleden.html]
[www.helenaveenvantoen.nl/jules-de-corte.html]
[www.helenaveenvantoen.nl/anton-van-den-hurk.html]
[www.helenaveenvantoen.nl/erkelens_stieneke.html]
[www.helenaveenvantoen.nl/dacboek-opperwachtmeester-versteegen.html]
[www.helenaveenvantoen.nl/wehrmachtshuisje.html]
[www.helenaveenvantoen.nl/gedeporteerden-kerkrazzia.html]
[www.helenaveenvantoen.nl/gesneuvelden-in-helenaveen.html]
[www.helenaveenvantoen.nl/mijnenruimen-aan-de-lagebrugweg.html]
[wombat-duck-p7st.squarespace.com/executie-verzetsman-bij-de-nassou-hoeve.html]
[www.helenaveenvantoen.nl/de-aanslag.html]
[www.helenaveenvantoen.nl/het-drama-van-het-joods-meisje.html]
[wombat-duck-p7st.squarespace.com/verhalen-van-ooggetuigen.html]
[www.helenaveenvantoen.nl/mien-crommentuijn.html]
[www.helenaveenvantoen.nl/martien-rutten.html]
[www.helenaveenvantoen.nl/jan-van-teeffelen.html]
[www.helenaveenvantoen.nl/annie-van-esseveldt-anker.html]
[www.helenaveenvantoen.nl/riek-van-esseveldt-snieder.html]
[www.helenaveenvantoen.nl/riki-bakker.html]
[www.helenaveenvantoen.nl/geert-schonewille.html]
[www.helenaveenvantoen.nl/dirk-en-dina-van-de-bovenkamp.html]
[www.helenaveenvantoen.nl/jan-sonnemans.html]
[www.helenaveenvantoen.nl/marietje-van-horen-van-der-werf.html]
[www.helenaveenvantoen.nl/helenaveense-militairen-in-de-mobilisatie.html]
[www.helenaveenvantoen.nl/broeder-leonard.html]
[www.helenaveenvantoen.nl/pietertje-de-vries.html]
[www.helenaveenvantoen.nl/oorlogsverslag-bd-van-schelven.html]
[www.helenaveenvantoen.nl/het-mijnen-drama-bij-de-bevrijding.html]
[www.helenaveenvantoen.nl/de-peel-onder-vuur.html]
[www.helenaveenvantoen.nl/verslag-kapitein.html]
[www.helenaveenvantoen.nl/het-boek.html]
[www.youtube.com/watchc721.html]
[www.helenaveenvantoen.nl/familieklerks.html]
[www.helenaveenvantoen.nl/boekweitteelt.html]
[www.helenaveenvantoen.nl/tabakstelersrs-uit-gelderland.html]
[www.helenaveenvantoen.nl/de-tuinbouw.html]
[www.helenaveenvantoen.nl/de-tuinbouwvereniging.html]
[www.helenaveenvantoen.nl/familie-erkelens.html]
[www.helenaveenvantoen.nl/wilhelminahoeve.html]
[www.youtube.com/watch7a41.html]
[www.helenaveenvantoen.nl/famanker_kaas.html]
[www.helenaveenvantoen.nl/riky-bakker-mijn-werk-op-de-tuinderij.html]
[www.helenaveenvantoen.nl/beringse-tram.html]
[www.helenaveenvantoen.nl/turfstrooiselfabriek.html]
[www.helenaveenvantoen.nl/helenaveen-een-oase-in-de-woestijn.html]
[www.helenaveenvantoen.nl/ontstaan-helenaveen.html]
[www.helenaveenvantoen.nl/bezittingen-mij-1858.html]
[www.helenaveenvantoen.nl/de-kaar-van-deel-1.html]
[www.helenaveenvantoen.nl/grauwveenkaart-sevenum-1889.html]
[www.helenaveenvantoen.nl/wat-zal-er-worden-van-de-peel.html]
[www.helenaveenvantoen.nl/antwoord-janssens-aan-jvdgriendt.html]
[www.helenaveenvantoen.nl/cao-helenaveen.html]
[www.helenaveenvantoen.nl/helenaveen-in-handelsbelangen.html]
[www.helenaveenvantoen.nl/bosch_eigenhaard.html]
[www.helenaveenvantoen.nl/coolen_helenaveen.html]
[www.helenaveenvantoen.nl/tijdschrift_econ_geographie.html]
[www.helenaveenvantoen.nl/eeneeuwhelenaveen.html]
[www.helenaveenvantoen.nl/station-helenaveen.html]
[www.helenaveenvantoen.nl/steenkool.html]
[www.helenaveenvantoen.nl/zinkske-ss-kamp.html]
[www.helenaveenvantoen.nl/hugo_de_vries.html]
[www.helenaveenvantoen.nl/spookverhalen.html]
[www.helenaveenvantoen.nl/pijlpunt.html]
[www.helenaveenvantoen.nl/delacourt_peelbedenkingen.html]
[www.helenaveenvantoen.nl/de-geschiedenis-van-helenaveen-door-zr.html]
[www.helenaveenvantoen.nl/geschiedenis-in-jaartallen.html]
[www.helenaveenvantoen.nl/dominee-grashof.html]
[www.helenaveenvantoen.nl/kermis-1895.html]
[www.helenaveenvantoen.nl/schalekamp-meisjesschool.html]
[www.helenaveenvantoen.nl/schalekamp-kermis.html]
[www.helenaveenvantoen.nl/schalekamp-socialisten.html]
[www.helenaveenvantoen.nl/new-page-2.html]
[www.helenaveenvantoen.nl/een-romein-komt-om-in-de-peel.html]
[www.helenaveenvantoen.nl/huibrecht-schalekamp-komt-om-in-de-bermuda-driehoek.html]
[www.helenaveenvantoen.nl/bertrutten.html]
[wombat-duck-p7st.squarespace.com/kerkhof.html]
[wombat-duck-p7st.squarespace.com/scholen.html]
[wombat-duck-p7st.squarespace.com/kerken.html]
[wombat-duck-p7st.squarespace.com/kloosters.html]
[www.helenaveenvantoen.nl/memori.html]
[wombat-duck-p7st.squarespace.com/turfgraven-2.html]
[wombat-duck-p7st.squarespace.com/ansichtkaarten.html]
[wombat-duck-p7st.squarespace.com/geluid.html]
[wombat-duck-p7st.squarespace.com/fotos-2.html]
[wombat-duck-p7st.squarespace.com/film-links.html]
[www.helenaveenvantoen.nl/krantenartikelen.html]
[www.helenaveenvantoen.nl/new-page-1.html]
[wombat-duck-p7st.squarespace.com/links.html]
[wombat-duck-p7st.squarespace.com/dacboek-opperwachtmeester-versteegen.html]
[wombat-duck-p7st.squarespace.com/gesneuvelden-in-helenaveen.html]
[www.helenaveenvantoen.nl/oorlog-1.html]
[www.helenaveenvantoen.nl/verhalen-van-ooggetuigen.html]
[www.helenaveenvantoen.nl/scholen.html]
[www.helenaveenvantoen.nl/kerken.html]
[www.helenaveenvantoen.nl/kloosters.html]
[www.helenaveenvantoen.nl/page1-3.html]
[wombat-duck-p7st.squarespace.com/memori.html]
[wombat-duck-p7st.squarespace.com/familieklerks.html]
[wombat-duck-p7st.squarespace.com/boekweitteelt.html]
[wombat-duck-p7st.squarespace.com/tabakstelersrs-uit-gelderland.html]
[wombat-duck-p7st.squarespace.com/de-tuinbouw.html]
[wombat-duck-p7st.squarespace.com/de-tuinbouwvereniging.html]
[wombat-duck-p7st.squarespace.com/familie-erkelens.html]
[wombat-duck-p7st.squarespace.com/wilhelminahoeve.html]
[wombat-duck-p7st.squarespace.com/famanker_kaas.html]
[wombat-duck-p7st.squarespace.com/riky-bakker-mijn-werk-op-de-tuinderij.html]
[www.helenaveenvantoen.nl/new-page-3.html]
[wombat-duck-p7st.squarespace.com/beringse-tram.html]
[www.helenaveenvantoen.nl/turfgraven.html]
[www.helenaveenvantoen.nl/turfgraven-2.html]
[www.helenaveenvantoen.nl/page1-1.html]
[wombat-duck-p7st.squarespace.com/zinkske-ss-kamp.html]
[www.helenaveenvantoen.nl/ansichtkaarten.html]
[www.helenaveenvantoen.nl/geluid.html]
[www.helenaveenvantoen.nl/fotos-2.html]
[www.helenaveenvantoen.nl/film-links.html]
[www.helenaveenvantoen.nl/fotos-1.html]
[www.helenaveenvantoen.nl/page1.html]
[www.helenaveenvantoen.nl/laatste_bijdragen_wijzigingen.html]
[wombat-duck-p7st.squarespace.com/laatste_bijdragen_wijzigingen.html]
[www.helenaveenvantoen.nl/inleiding.html]
[www.helenaveenvantoen.nl/colofon.html]
[www.helenaveenvantoen.nl/carp-slavernij.html]
[www.helenaveenvantoen.nl/herdenking-80-jaar-bevrijding.html]
[www.helenaveenvantoen.nl/grond_van_bestaan.html]
[www.helenaveenvantoen.nl/janske_pardoel.html]
[www.helenaveenvantoen.nl/pierre-kartner-vader-abraham-overleden.html]
[www.helenaveenvantoen.nl/jules-de-corte.html]
[www.helenaveenvantoen.nl/anton-van-den-hurk.html]
[www.helenaveenvantoen.nl/erkelens_stieneke.html]
[www.helenaveenvantoen.nl/dacboek-opperwachtmeester-versteegen.html]
[www.helenaveenvantoen.nl/wehrmachtshuisje.html]
[www.helenaveenvantoen.nl/gedeporteerden-kerkrazzia.html]
[www.helenaveenvantoen.nl/gesneuvelden-in-helenaveen.html]
[www.helenaveenvantoen.nl/mijnenruimen-aan-de-lagebrugweg.html]
[wombat-duck-p7st.squarespace.com/executie-verzetsman-bij-de-nassou-hoeve.html]
[www.helenaveenvantoen.nl/de-aanslag.html]
[www.helenaveenvantoen.nl/het-drama-van-het-joods-meisje.html]
[wombat-duck-p7st.squarespace.com/verhalen-van-ooggetuigen.html]
[www.helenaveenvantoen.nl/mien-crommentuijn.html]
[www.helenaveenvantoen.nl/martien-rutten.html]
[www.helenaveenvantoen.nl/jan-van-teeffelen.html]
[www.helenaveenvantoen.nl/annie-van-esseveldt-anker.html]
[www.helenaveenvantoen.nl/riek-van-esseveldt-snieder.html]
[www.helenaveenvantoen.nl/riki-bakker.html]
[www.helenaveenvantoen.nl/geert-schonewille.html]
[www.helenaveenvantoen.nl/dirk-en-dina-van-de-bovenkamp.html]
[www.helenaveenvantoen.nl/jan-sonnemans.html]
[www.helenaveenvantoen.nl/marietje-van-horen-van-der-werf.html]
[www.helenaveenvantoen.nl/helenaveense-militairen-in-de-mobilisatie.html]
[www.helenaveenvantoen.nl/broeder-leonard.html]
[www.helenaveenvantoen.nl/pietertje-de-vries.html]
[www.helenaveenvantoen.nl/oorlogsverslag-bd-van-schelven.html]
[www.helenaveenvantoen.nl/het-mijnen-drama-bij-de-bevrijding.html]
[www.helenaveenvantoen.nl/de-peel-onder-vuur.html]
[www.helenaveenvantoen.nl/verslag-kapitein.html]
[www.helenaveenvantoen.nl/het-boek.html]
[www.youtube.com/watchc721.html]
[www.helenaveenvantoen.nl/familieklerks.html]
[www.helenaveenvantoen.nl/boekweitteelt.html]
[www.helenaveenvantoen.nl/tabakstelersrs-uit-gelderland.html]
[www.helenaveenvantoen.nl/de-tuinbouw.html]
[www.helenaveenvantoen.nl/de-tuinbouwvereniging.html]
[www.helenaveenvantoen.nl/familie-erkelens.html]
[www.helenaveenvantoen.nl/wilhelminahoeve.html]
[www.youtube.com/watch7a41.html]
[www.helenaveenvantoen.nl/famanker_kaas.html]
[www.helenaveenvantoen.nl/riky-bakker-mijn-werk-op-de-tuinderij.html]
[www.helenaveenvantoen.nl/beringse-tram.html]
[www.helenaveenvantoen.nl/turfstrooiselfabriek.html]
[www.helenaveenvantoen.nl/helenaveen-een-oase-in-de-woestijn.html]
[www.helenaveenvantoen.nl/ontstaan-helenaveen.html]
[www.helenaveenvantoen.nl/bezittingen-mij-1858.html]
[www.helenaveenvantoen.nl/de-kaar-van-deel-1.html]
[www.helenaveenvantoen.nl/grauwveenkaart-sevenum-1889.html]
[www.helenaveenvantoen.nl/wat-zal-er-worden-van-de-peel.html]
[www.helenaveenvantoen.nl/antwoord-janssens-aan-jvdgriendt.html]
[www.helenaveenvantoen.nl/cao-helenaveen.html]
[www.helenaveenvantoen.nl/helenaveen-in-handelsbelangen.html]
[www.helenaveenvantoen.nl/bosch_eigenhaard.html]
[www.helenaveenvantoen.nl/coolen_helenaveen.html]
[www.helenaveenvantoen.nl/tijdschrift_econ_geographie.html]
[www.helenaveenvantoen.nl/eeneeuwhelenaveen.html]
[www.helenaveenvantoen.nl/station-helenaveen.html]
[www.helenaveenvantoen.nl/steenkool.html]
[www.helenaveenvantoen.nl/zinkske-ss-kamp.html]
[www.helenaveenvantoen.nl/hugo_de_vries.html]
[www.helenaveenvantoen.nl/spookverhalen.html]
[www.helenaveenvantoen.nl/pijlpunt.html]
[www.helenaveenvantoen.nl/delacourt_peelbedenkingen.html]
[www.helenaveenvantoen.nl/de-geschiedenis-van-helenaveen-door-zr.html]
[www.helenaveenvantoen.nl/geschiedenis-in-jaartallen.html]
[www.helenaveenvantoen.nl/dominee-grashof.html]
[www.helenaveenvantoen.nl/kermis-1895.html]
[www.helenaveenvantoen.nl/schalekamp-meisjesschool.html]
[www.helenaveenvantoen.nl/schalekamp-kermis.html]
[www.helenaveenvantoen.nl/schalekamp-socialisten.html]
[www.helenaveenvantoen.nl/new-page-2.html]
[www.helenaveenvantoen.nl/een-romein-komt-om-in-de-peel.html]
[www.helenaveenvantoen.nl/huibrecht-schalekamp-komt-om-in-de-bermuda-driehoek.html]
[www.helenaveenvantoen.nl/bertrutten.html]
[wombat-duck-p7st.squarespace.com/kerkhof.html]
[wombat-duck-p7st.squarespace.com/scholen.html]
[wombat-duck-p7st.squarespace.com/kerken.html]
[wombat-duck-p7st.squarespace.com/kloosters.html]
[www.helenaveenvantoen.nl/memori.html]
[wombat-duck-p7st.squarespace.com/turfgraven-2.html]
[wombat-duck-p7st.squarespace.com/ansichtkaarten.html]
[wombat-duck-p7st.squarespace.com/geluid.html]
[wombat-duck-p7st.squarespace.com/fotos-2.html]
[wombat-duck-p7st.squarespace.com/film-links.html]
[www.helenaveenvantoen.nl/krantenartikelen.html]
[wombat-duck-p7st.squarespace.com/links.html]
[wombat-duck-p7st.squarespace.com/dacboek-opperwachtmeester-versteegen.html]
[wombat-duck-p7st.squarespace.com/gesneuvelden-in-helenaveen.html]
[www.helenaveenvantoen.nl/verhalen-van-ooggetuigen.html]
[www.helenaveenvantoen.nl/scholen.html]
[www.helenaveenvantoen.nl/kerken.html]
[www.helenaveenvantoen.nl/kloosters.html]
[wombat-duck-p7st.squarespace.com/memori.html]
[wombat-duck-p7st.squarespace.com/familieklerks.html]
[wombat-duck-p7st.squarespace.com/boekweitteelt.html]
[wombat-duck-p7st.squarespace.com/tabakstelersrs-uit-gelderland.html]
[wombat-duck-p7st.squarespace.com/de-tuinbouw.html]
[wombat-duck-p7st.squarespace.com/de-tuinbouwvereniging.html]
[wombat-duck-p7st.squarespace.com/familie-erkelens.html]
[wombat-duck-p7st.squarespace.com/wilhelminahoeve.html]
[wombat-duck-p7st.squarespace.com/famanker_kaas.html]
[wombat-duck-p7st.squarespace.com/riky-bakker-mijn-werk-op-de-tuinderij.html]
[wombat-duck-p7st.squarespace.com/beringse-tram.html]
[www.helenaveenvantoen.nl/turfgraven-2.html]
[wombat-duck-p7st.squarespace.com/zinkske-ss-kamp.html]
[www.helenaveenvantoen.nl/ansichtkaarten.html]
[www.helenaveenvantoen.nl/geluid.html]
[www.helenaveenvantoen.nl/fotos-2.html]
[www.helenaveenvantoen.nl/film-links.html]
[www.helenaveenvantoen.nl/links.html]
[www.helenaveenvantoen.nl/links.html]
